<?xml version="1.0" encoding="UTF-8"?>
<testng-results skipped="0" failed="0" total="2" passed="2">
  <reporter-output>
  </reporter-output>
  <suite name="Default suite" duration-ms="109" started-at="2020-01-07T06:56:10Z" finished-at="2020-01-07T06:56:10Z">
    <groups>
    </groups>
    <test name="Default test" duration-ms="109" started-at="2020-01-07T06:56:10Z" finished-at="2020-01-07T06:56:10Z">
      <class name="test.demo04.DataDriverTest">
        <test-method status="PASS" signature="login(java.lang.String, java.lang.String)[pri:0, instance:test.demo04.DataDriverTest@6a41eaa2]" name="login" duration-ms="51" started-at="2020-01-07T14:56:10Z" data-provider="loginUser" finished-at="2020-01-07T14:56:10Z">
          <params>
            <param index="0">
              <value>
                <![CDATA[user1]]>
              </value>
            </param>
            <param index="1">
              <value>
                <![CDATA[pwd1]]>
              </value>
            </param>
          </params>
          <reporter-output>
          </reporter-output>
        </test-method> <!-- login -->
        <test-method status="PASS" signature="login(java.lang.String, java.lang.String)[pri:0, instance:test.demo04.DataDriverTest@6a41eaa2]" name="login" duration-ms="8" started-at="2020-01-07T14:56:10Z" data-provider="loginUser" finished-at="2020-01-07T14:56:10Z">
          <params>
            <param index="0">
              <value>
                <![CDATA[user2]]>
              </value>
            </param>
            <param index="1">
              <value>
                <![CDATA[pwd2]]>
              </value>
            </param>
          </params>
          <reporter-output>
          </reporter-output>
        </test-method> <!-- login -->
      </class> <!-- test.demo04.DataDriverTest -->
    </test> <!-- Default test -->
  </suite> <!-- Default suite -->
</testng-results>
