<?xml version="1.0" encoding="UTF-8"?>
<testng-results skipped="0" failed="0" ignored="0" total="2" passed="2">
  <reporter-output>
  </reporter-output>
  <suite name="Default suite" duration-ms="83" started-at="2020-01-20T14:48:56 CST" finished-at="2020-01-20T14:48:56 CST">
    <groups>
    </groups>
    <test name="Default test" duration-ms="83" started-at="2020-01-20T14:48:56 CST" finished-at="2020-01-20T14:48:56 CST">
      <class name="test.demo.Test2">
        <test-method status="PASS" signature="testCase1()[pri:0, instance:test.demo.Test2@5e57643e]" name="testCase1" duration-ms="13" started-at="2020-01-20T14:48:56 CST" finished-at="2020-01-20T14:48:56 CST">
          <reporter-output>
          </reporter-output>
        </test-method> <!-- testCase1 -->
        <test-method status="PASS" signature="testCase2()[pri:0, instance:test.demo.Test2@5e57643e]" name="testCase2" duration-ms="2" started-at="2020-01-20T14:48:56 CST" finished-at="2020-01-20T14:48:56 CST">
          <reporter-output>
          </reporter-output>
        </test-method> <!-- testCase2 -->
      </class> <!-- test.demo.Test2 -->
    </test> <!-- Default test -->
  </suite> <!-- Default suite -->
</testng-results>
